<?xml version="1.0" encoding="UTF-8"?>
<testsuite xmlns:xsi="http://www.w3.org/2001/XMLSchema-instance" xsi:noNamespaceSchemaLocation="https://maven.apache.org/surefire/maven-surefire-plugin/xsd/surefire-test-report.xsd" name="TestSuite" time="2.889" tests="30" errors="0" skipped="27" failures="3">
  <properties>
    <property name="sun.desktop" value="windows"/>
    <property name="awt.toolkit" value="sun.awt.windows.WToolkit"/>
    <property name="file.encoding.pkg" value="sun.io"/>
    <property name="java.specification.version" value="1.8"/>
    <property name="sun.cpu.isalist" value="amd64"/>
    <property name="sun.jnu.encoding" value="Cp1252"/>
    <property name="java.class.path" value="D:\myLocalGitRepository\AmazonMobileApp\target\test-classes;D:\myLocalGitRepository\AmazonMobileApp\target\classes;D:\Users\PRAWIN\.m2\repository\org\seleniumhq\selenium\selenium-java\3.141.59\selenium-java-3.141.59.jar;D:\Users\PRAWIN\.m2\repository\org\seleniumhq\selenium\selenium-api\3.141.59\selenium-api-3.141.59.jar;D:\Users\PRAWIN\.m2\repository\org\seleniumhq\selenium\selenium-chrome-driver\3.141.59\selenium-chrome-driver-3.141.59.jar;D:\Users\PRAWIN\.m2\repository\org\seleniumhq\selenium\selenium-edge-driver\3.141.59\selenium-edge-driver-3.141.59.jar;D:\Users\PRAWIN\.m2\repository\org\seleniumhq\selenium\selenium-firefox-driver\3.141.59\selenium-firefox-driver-3.141.59.jar;D:\Users\PRAWIN\.m2\repository\org\seleniumhq\selenium\selenium-ie-driver\3.141.59\selenium-ie-driver-3.141.59.jar;D:\Users\PRAWIN\.m2\repository\org\seleniumhq\selenium\selenium-opera-driver\3.141.59\selenium-opera-driver-3.141.59.jar;D:\Users\PRAWIN\.m2\repository\org\seleniumhq\selenium\selenium-remote-driver\3.141.59\selenium-remote-driver-3.141.59.jar;D:\Users\PRAWIN\.m2\repository\org\seleniumhq\selenium\selenium-safari-driver\3.141.59\selenium-safari-driver-3.141.59.jar;D:\Users\PRAWIN\.m2\repository\org\seleniumhq\selenium\selenium-support\3.141.59\selenium-support-3.141.59.jar;D:\Users\PRAWIN\.m2\repository\net\bytebuddy\byte-buddy\1.8.15\byte-buddy-1.8.15.jar;D:\Users\PRAWIN\.m2\repository\org\apache\commons\commons-exec\1.3\commons-exec-1.3.jar;D:\Users\PRAWIN\.m2\repository\com\squareup\okhttp3\okhttp\3.11.0\okhttp-3.11.0.jar;D:\Users\PRAWIN\.m2\repository\com\squareup\okio\okio\1.14.0\okio-1.14.0.jar;D:\Users\PRAWIN\.m2\repository\org\testng\testng\6.14.3\testng-6.14.3.jar;D:\Users\PRAWIN\.m2\repository\com\beust\jcommander\1.72\jcommander-1.72.jar;D:\Users\PRAWIN\.m2\repository\org\apache-extras\beanshell\bsh\2.0b6\bsh-2.0b6.jar;D:\Users\PRAWIN\.m2\repository\org\uncommons\reportng\1.1.4\reportng-1.1.4.jar;D:\Users\PRAWIN\.m2\repository\velocity\velocity\1.4\velocity-1.4.jar;D:\Users\PRAWIN\.m2\repository\velocity\velocity-dep\1.4\velocity-dep-1.4.jar;D:\Users\PRAWIN\.m2\repository\io\appium\java-client\7.3.0\java-client-7.3.0.jar;D:\Users\PRAWIN\.m2\repository\com\google\code\gson\gson\2.8.5\gson-2.8.5.jar;D:\Users\PRAWIN\.m2\repository\org\apache\httpcomponents\httpclient\4.5.9\httpclient-4.5.9.jar;D:\Users\PRAWIN\.m2\repository\org\apache\httpcomponents\httpcore\4.4.11\httpcore-4.4.11.jar;D:\Users\PRAWIN\.m2\repository\commons-logging\commons-logging\1.2\commons-logging-1.2.jar;D:\Users\PRAWIN\.m2\repository\commons-codec\commons-codec\1.11\commons-codec-1.11.jar;D:\Users\PRAWIN\.m2\repository\cglib\cglib\3.2.12\cglib-3.2.12.jar;D:\Users\PRAWIN\.m2\repository\org\ow2\asm\asm\7.1\asm-7.1.jar;D:\Users\PRAWIN\.m2\repository\commons-validator\commons-validator\1.6\commons-validator-1.6.jar;D:\Users\PRAWIN\.m2\repository\commons-beanutils\commons-beanutils\1.9.2\commons-beanutils-1.9.2.jar;D:\Users\PRAWIN\.m2\repository\commons-digester\commons-digester\1.8.1\commons-digester-1.8.1.jar;D:\Users\PRAWIN\.m2\repository\commons-collections\commons-collections\3.2.2\commons-collections-3.2.2.jar;D:\Users\PRAWIN\.m2\repository\org\apache\commons\commons-lang3\3.9\commons-lang3-3.9.jar;D:\Users\PRAWIN\.m2\repository\commons-io\commons-io\2.6\commons-io-2.6.jar;D:\Users\PRAWIN\.m2\repository\org\springframework\spring-context\5.1.8.RELEASE\spring-context-5.1.8.RELEASE.jar;D:\Users\PRAWIN\.m2\repository\org\springframework\spring-aop\5.1.8.RELEASE\spring-aop-5.1.8.RELEASE.jar;D:\Users\PRAWIN\.m2\repository\org\springframework\spring-beans\5.1.8.RELEASE\spring-beans-5.1.8.RELEASE.jar;D:\Users\PRAWIN\.m2\repository\org\springframework\spring-core\5.1.8.RELEASE\spring-core-5.1.8.RELEASE.jar;D:\Users\PRAWIN\.m2\repository\org\springframework\spring-jcl\5.1.8.RELEASE\spring-jcl-5.1.8.RELEASE.jar;D:\Users\PRAWIN\.m2\repository\org\springframework\spring-expression\5.1.8.RELEASE\spring-expression-5.1.8.RELEASE.jar;D:\Users\PRAWIN\.m2\repository\org\aspectj\aspectjweaver\1.9.4\aspectjweaver-1.9.4.jar;D:\Users\PRAWIN\.m2\repository\org\slf4j\slf4j-api\1.7.26\slf4j-api-1.7.26.jar;D:\Users\PRAWIN\.m2\repository\com\google\guava\guava\23.0\guava-23.0.jar;D:\Users\PRAWIN\.m2\repository\com\google\code\findbugs\jsr305\1.3.9\jsr305-1.3.9.jar;D:\Users\PRAWIN\.m2\repository\com\google\errorprone\error_prone_annotations\2.0.18\error_prone_annotations-2.0.18.jar;D:\Users\PRAWIN\.m2\repository\com\google\j2objc\j2objc-annotations\1.1\j2objc-annotations-1.1.jar;D:\Users\PRAWIN\.m2\repository\org\codehaus\mojo\animal-sniffer-annotations\1.14\animal-sniffer-annotations-1.14.jar;D:\Users\PRAWIN\.m2\repository\com\google\code\guice\guice\1.0\guice-1.0.jar;D:\Users\PRAWIN\.m2\repository\com\microsoft\sqlserver\mssql-jdbc\6.1.0.jre8\mssql-jdbc-6.1.0.jre8.jar;D:\Users\PRAWIN\.m2\repository\com\microsoft\azure\azure-keyvault\0.9.3\azure-keyvault-0.9.3.jar;D:\Users\PRAWIN\.m2\repository\com\microsoft\azure\azure-core\0.9.3\azure-core-0.9.3.jar;D:\Users\PRAWIN\.m2\repository\commons-lang\commons-lang\2.6\commons-lang-2.6.jar;D:\Users\PRAWIN\.m2\repository\javax\mail\mail\1.4.5\mail-1.4.5.jar;D:\Users\PRAWIN\.m2\repository\javax\activation\activation\1.1\activation-1.1.jar;D:\Users\PRAWIN\.m2\repository\com\sun\jersey\jersey-client\1.13\jersey-client-1.13.jar;D:\Users\PRAWIN\.m2\repository\com\sun\jersey\jersey-core\1.13\jersey-core-1.13.jar;D:\Users\PRAWIN\.m2\repository\com\sun\jersey\jersey-json\1.13\jersey-json-1.13.jar;D:\Users\PRAWIN\.m2\repository\org\codehaus\jettison\jettison\1.1\jettison-1.1.jar;D:\Users\PRAWIN\.m2\repository\stax\stax-api\1.0.1\stax-api-1.0.1.jar;D:\Users\PRAWIN\.m2\repository\com\sun\xml\bind\jaxb-impl\2.2.3-1\jaxb-impl-2.2.3-1.jar;D:\Users\PRAWIN\.m2\repository\javax\xml\bind\jaxb-api\2.2.2\jaxb-api-2.2.2.jar;D:\Users\PRAWIN\.m2\repository\javax\xml\stream\stax-api\1.0-2\stax-api-1.0-2.jar;D:\Users\PRAWIN\.m2\repository\org\codehaus\jackson\jackson-core-asl\1.9.2\jackson-core-asl-1.9.2.jar;D:\Users\PRAWIN\.m2\repository\org\codehaus\jackson\jackson-mapper-asl\1.9.2\jackson-mapper-asl-1.9.2.jar;D:\Users\PRAWIN\.m2\repository\org\codehaus\jackson\jackson-jaxrs\1.9.2\jackson-jaxrs-1.9.2.jar;D:\Users\PRAWIN\.m2\repository\org\codehaus\jackson\jackson-xc\1.9.2\jackson-xc-1.9.2.jar;D:\Users\PRAWIN\.m2\repository\javax\inject\javax.inject\1\javax.inject-1.jar;D:\Users\PRAWIN\.m2\repository\com\microsoft\azure\adal4j\1.0.0\adal4j-1.0.0.jar;D:\Users\PRAWIN\.m2\repository\com\nimbusds\oauth2-oidc-sdk\4.5\oauth2-oidc-sdk-4.5.jar;D:\Users\PRAWIN\.m2\repository\net\jcip\jcip-annotations\1.0\jcip-annotations-1.0.jar;D:\Users\PRAWIN\.m2\repository\net\minidev\json-smart\1.1.1\json-smart-1.1.1.jar;D:\Users\PRAWIN\.m2\repository\com\nimbusds\lang-tag\1.4\lang-tag-1.4.jar;D:\Users\PRAWIN\.m2\repository\com\nimbusds\nimbus-jose-jwt\3.1.2\nimbus-jose-jwt-3.1.2.jar;D:\Users\PRAWIN\.m2\repository\org\bouncycastle\bcprov-jdk15on\1.51\bcprov-jdk15on-1.51.jar;D:\Users\PRAWIN\.m2\repository\mysql\mysql-connector-java\8.0.15\mysql-connector-java-8.0.15.jar;D:\Users\PRAWIN\.m2\repository\com\google\protobuf\protobuf-java\3.6.1\protobuf-java-3.6.1.jar;D:\Users\PRAWIN\.m2\repository\com\oracle\database\jdbc\ojdbc10\19.8.0.0\ojdbc10-19.8.0.0.jar;"/>
    <property name="java.vm.vendor" value="Oracle Corporation"/>
    <property name="sun.arch.data.model" value="64"/>
    <property name="user.variant" value=""/>
    <property name="java.vendor.url" value="http://java.oracle.com/"/>
    <property name="user.timezone" value="Asia/Calcutta"/>
    <property name="java.vm.specification.version" value="1.8"/>
    <property name="os.name" value="Windows 10"/>
    <property name="user.country" value="US"/>
    <property name="sun.java.launcher" value="SUN_STANDARD"/>
    <property name="sun.boot.library.path" value="D:\Program Files\Java\jdk1.8.0_191\jre\bin"/>
    <property name="sun.java.command" value="C:\WINDOWS\TEMP\surefire3258050608201060020\surefirebooter534562725559834418.jar C:\Windows\Temp\surefire3258050608201060020 2021-04-10T00-06-35_040-jvmRun1 surefire9199113713886381561tmp surefire_0327410908970690014tmp"/>
    <property name="surefire.test.class.path" value="D:\myLocalGitRepository\AmazonMobileApp\target\test-classes;D:\myLocalGitRepository\AmazonMobileApp\target\classes;D:\Users\PRAWIN\.m2\repository\org\seleniumhq\selenium\selenium-java\3.141.59\selenium-java-3.141.59.jar;D:\Users\PRAWIN\.m2\repository\org\seleniumhq\selenium\selenium-api\3.141.59\selenium-api-3.141.59.jar;D:\Users\PRAWIN\.m2\repository\org\seleniumhq\selenium\selenium-chrome-driver\3.141.59\selenium-chrome-driver-3.141.59.jar;D:\Users\PRAWIN\.m2\repository\org\seleniumhq\selenium\selenium-edge-driver\3.141.59\selenium-edge-driver-3.141.59.jar;D:\Users\PRAWIN\.m2\repository\org\seleniumhq\selenium\selenium-firefox-driver\3.141.59\selenium-firefox-driver-3.141.59.jar;D:\Users\PRAWIN\.m2\repository\org\seleniumhq\selenium\selenium-ie-driver\3.141.59\selenium-ie-driver-3.141.59.jar;D:\Users\PRAWIN\.m2\repository\org\seleniumhq\selenium\selenium-opera-driver\3.141.59\selenium-opera-driver-3.141.59.jar;D:\Users\PRAWIN\.m2\repository\org\seleniumhq\selenium\selenium-remote-driver\3.141.59\selenium-remote-driver-3.141.59.jar;D:\Users\PRAWIN\.m2\repository\org\seleniumhq\selenium\selenium-safari-driver\3.141.59\selenium-safari-driver-3.141.59.jar;D:\Users\PRAWIN\.m2\repository\org\seleniumhq\selenium\selenium-support\3.141.59\selenium-support-3.141.59.jar;D:\Users\PRAWIN\.m2\repository\net\bytebuddy\byte-buddy\1.8.15\byte-buddy-1.8.15.jar;D:\Users\PRAWIN\.m2\repository\org\apache\commons\commons-exec\1.3\commons-exec-1.3.jar;D:\Users\PRAWIN\.m2\repository\com\squareup\okhttp3\okhttp\3.11.0\okhttp-3.11.0.jar;D:\Users\PRAWIN\.m2\repository\com\squareup\okio\okio\1.14.0\okio-1.14.0.jar;D:\Users\PRAWIN\.m2\repository\org\testng\testng\6.14.3\testng-6.14.3.jar;D:\Users\PRAWIN\.m2\repository\com\beust\jcommander\1.72\jcommander-1.72.jar;D:\Users\PRAWIN\.m2\repository\org\apache-extras\beanshell\bsh\2.0b6\bsh-2.0b6.jar;D:\Users\PRAWIN\.m2\repository\org\uncommons\reportng\1.1.4\reportng-1.1.4.jar;D:\Users\PRAWIN\.m2\repository\velocity\velocity\1.4\velocity-1.4.jar;D:\Users\PRAWIN\.m2\repository\velocity\velocity-dep\1.4\velocity-dep-1.4.jar;D:\Users\PRAWIN\.m2\repository\io\appium\java-client\7.3.0\java-client-7.3.0.jar;D:\Users\PRAWIN\.m2\repository\com\google\code\gson\gson\2.8.5\gson-2.8.5.jar;D:\Users\PRAWIN\.m2\repository\org\apache\httpcomponents\httpclient\4.5.9\httpclient-4.5.9.jar;D:\Users\PRAWIN\.m2\repository\org\apache\httpcomponents\httpcore\4.4.11\httpcore-4.4.11.jar;D:\Users\PRAWIN\.m2\repository\commons-logging\commons-logging\1.2\commons-logging-1.2.jar;D:\Users\PRAWIN\.m2\repository\commons-codec\commons-codec\1.11\commons-codec-1.11.jar;D:\Users\PRAWIN\.m2\repository\cglib\cglib\3.2.12\cglib-3.2.12.jar;D:\Users\PRAWIN\.m2\repository\org\ow2\asm\asm\7.1\asm-7.1.jar;D:\Users\PRAWIN\.m2\repository\commons-validator\commons-validator\1.6\commons-validator-1.6.jar;D:\Users\PRAWIN\.m2\repository\commons-beanutils\commons-beanutils\1.9.2\commons-beanutils-1.9.2.jar;D:\Users\PRAWIN\.m2\repository\commons-digester\commons-digester\1.8.1\commons-digester-1.8.1.jar;D:\Users\PRAWIN\.m2\repository\commons-collections\commons-collections\3.2.2\commons-collections-3.2.2.jar;D:\Users\PRAWIN\.m2\repository\org\apache\commons\commons-lang3\3.9\commons-lang3-3.9.jar;D:\Users\PRAWIN\.m2\repository\commons-io\commons-io\2.6\commons-io-2.6.jar;D:\Users\PRAWIN\.m2\repository\org\springframework\spring-context\5.1.8.RELEASE\spring-context-5.1.8.RELEASE.jar;D:\Users\PRAWIN\.m2\repository\org\springframework\spring-aop\5.1.8.RELEASE\spring-aop-5.1.8.RELEASE.jar;D:\Users\PRAWIN\.m2\repository\org\springframework\spring-beans\5.1.8.RELEASE\spring-beans-5.1.8.RELEASE.jar;D:\Users\PRAWIN\.m2\repository\org\springframework\spring-core\5.1.8.RELEASE\spring-core-5.1.8.RELEASE.jar;D:\Users\PRAWIN\.m2\repository\org\springframework\spring-jcl\5.1.8.RELEASE\spring-jcl-5.1.8.RELEASE.jar;D:\Users\PRAWIN\.m2\repository\org\springframework\spring-expression\5.1.8.RELEASE\spring-expression-5.1.8.RELEASE.jar;D:\Users\PRAWIN\.m2\repository\org\aspectj\aspectjweaver\1.9.4\aspectjweaver-1.9.4.jar;D:\Users\PRAWIN\.m2\repository\org\slf4j\slf4j-api\1.7.26\slf4j-api-1.7.26.jar;D:\Users\PRAWIN\.m2\repository\com\google\guava\guava\23.0\guava-23.0.jar;D:\Users\PRAWIN\.m2\repository\com\google\code\findbugs\jsr305\1.3.9\jsr305-1.3.9.jar;D:\Users\PRAWIN\.m2\repository\com\google\errorprone\error_prone_annotations\2.0.18\error_prone_annotations-2.0.18.jar;D:\Users\PRAWIN\.m2\repository\com\google\j2objc\j2objc-annotations\1.1\j2objc-annotations-1.1.jar;D:\Users\PRAWIN\.m2\repository\org\codehaus\mojo\animal-sniffer-annotations\1.14\animal-sniffer-annotations-1.14.jar;D:\Users\PRAWIN\.m2\repository\com\google\code\guice\guice\1.0\guice-1.0.jar;D:\Users\PRAWIN\.m2\repository\com\microsoft\sqlserver\mssql-jdbc\6.1.0.jre8\mssql-jdbc-6.1.0.jre8.jar;D:\Users\PRAWIN\.m2\repository\com\microsoft\azure\azure-keyvault\0.9.3\azure-keyvault-0.9.3.jar;D:\Users\PRAWIN\.m2\repository\com\microsoft\azure\azure-core\0.9.3\azure-core-0.9.3.jar;D:\Users\PRAWIN\.m2\repository\commons-lang\commons-lang\2.6\commons-lang-2.6.jar;D:\Users\PRAWIN\.m2\repository\javax\mail\mail\1.4.5\mail-1.4.5.jar;D:\Users\PRAWIN\.m2\repository\javax\activation\activation\1.1\activation-1.1.jar;D:\Users\PRAWIN\.m2\repository\com\sun\jersey\jersey-client\1.13\jersey-client-1.13.jar;D:\Users\PRAWIN\.m2\repository\com\sun\jersey\jersey-core\1.13\jersey-core-1.13.jar;D:\Users\PRAWIN\.m2\repository\com\sun\jersey\jersey-json\1.13\jersey-json-1.13.jar;D:\Users\PRAWIN\.m2\repository\org\codehaus\jettison\jettison\1.1\jettison-1.1.jar;D:\Users\PRAWIN\.m2\repository\stax\stax-api\1.0.1\stax-api-1.0.1.jar;D:\Users\PRAWIN\.m2\repository\com\sun\xml\bind\jaxb-impl\2.2.3-1\jaxb-impl-2.2.3-1.jar;D:\Users\PRAWIN\.m2\repository\javax\xml\bind\jaxb-api\2.2.2\jaxb-api-2.2.2.jar;D:\Users\PRAWIN\.m2\repository\javax\xml\stream\stax-api\1.0-2\stax-api-1.0-2.jar;D:\Users\PRAWIN\.m2\repository\org\codehaus\jackson\jackson-core-asl\1.9.2\jackson-core-asl-1.9.2.jar;D:\Users\PRAWIN\.m2\repository\org\codehaus\jackson\jackson-mapper-asl\1.9.2\jackson-mapper-asl-1.9.2.jar;D:\Users\PRAWIN\.m2\repository\org\codehaus\jackson\jackson-jaxrs\1.9.2\jackson-jaxrs-1.9.2.jar;D:\Users\PRAWIN\.m2\repository\org\codehaus\jackson\jackson-xc\1.9.2\jackson-xc-1.9.2.jar;D:\Users\PRAWIN\.m2\repository\javax\inject\javax.inject\1\javax.inject-1.jar;D:\Users\PRAWIN\.m2\repository\com\microsoft\azure\adal4j\1.0.0\adal4j-1.0.0.jar;D:\Users\PRAWIN\.m2\repository\com\nimbusds\oauth2-oidc-sdk\4.5\oauth2-oidc-sdk-4.5.jar;D:\Users\PRAWIN\.m2\repository\net\jcip\jcip-annotations\1.0\jcip-annotations-1.0.jar;D:\Users\PRAWIN\.m2\repository\net\minidev\json-smart\1.1.1\json-smart-1.1.1.jar;D:\Users\PRAWIN\.m2\repository\com\nimbusds\lang-tag\1.4\lang-tag-1.4.jar;D:\Users\PRAWIN\.m2\repository\com\nimbusds\nimbus-jose-jwt\3.1.2\nimbus-jose-jwt-3.1.2.jar;D:\Users\PRAWIN\.m2\repository\org\bouncycastle\bcprov-jdk15on\1.51\bcprov-jdk15on-1.51.jar;D:\Users\PRAWIN\.m2\repository\mysql\mysql-connector-java\8.0.15\mysql-connector-java-8.0.15.jar;D:\Users\PRAWIN\.m2\repository\com\google\protobuf\protobuf-java\3.6.1\protobuf-java-3.6.1.jar;D:\Users\PRAWIN\.m2\repository\com\oracle\database\jdbc\ojdbc10\19.8.0.0\ojdbc10-19.8.0.0.jar;"/>
    <property name="sun.cpu.endian" value="little"/>
    <property name="user.home" value="C:\Users\PRAWIN"/>
    <property name="user.language" value="en"/>
    <property name="java.specification.vendor" value="Oracle Corporation"/>
    <property name="java.home" value="D:\Program Files\Java\jdk1.8.0_191\jre"/>
    <property name="basedir" value="D:\myLocalGitRepository\AmazonMobileApp"/>
    <property name="file.separator" value="\"/>
    <property name="line.separator" value="&#10;"/>
    <property name="java.vm.specification.vendor" value="Oracle Corporation"/>
    <property name="java.specification.name" value="Java Platform API Specification"/>
    <property name="java.awt.graphicsenv" value="sun.awt.Win32GraphicsEnvironment"/>
    <property name="surefire.real.class.path" value="C:\WINDOWS\TEMP\surefire3258050608201060020\surefirebooter534562725559834418.jar"/>
    <property name="sun.boot.class.path" value="D:\Program Files\Java\jdk1.8.0_191\jre\lib\resources.jar;D:\Program Files\Java\jdk1.8.0_191\jre\lib\rt.jar;D:\Program Files\Java\jdk1.8.0_191\jre\lib\sunrsasign.jar;D:\Program Files\Java\jdk1.8.0_191\jre\lib\jsse.jar;D:\Program Files\Java\jdk1.8.0_191\jre\lib\jce.jar;D:\Program Files\Java\jdk1.8.0_191\jre\lib\charsets.jar;D:\Program Files\Java\jdk1.8.0_191\jre\lib\jfr.jar;D:\Program Files\Java\jdk1.8.0_191\jre\classes"/>
    <property name="user.script" value=""/>
    <property name="sun.management.compiler" value="HotSpot 64-Bit Tiered Compilers"/>
    <property name="java.runtime.version" value="1.8.0_191-b12"/>
    <property name="user.name" value="PRAWIN"/>
    <property name="path.separator" value=";"/>
    <property name="os.version" value="10.0"/>
    <property name="java.endorsed.dirs" value="D:\Program Files\Java\jdk1.8.0_191\jre\lib\endorsed"/>
    <property name="java.runtime.name" value="Java(TM) SE Runtime Environment"/>
    <property name="file.encoding" value="Cp1252"/>
    <property name="java.vm.name" value="Java HotSpot(TM) 64-Bit Server VM"/>
    <property name="localRepository" value="D:\Users\PRAWIN\.m2\repository"/>
    <property name="java.vendor.url.bug" value="http://bugreport.sun.com/bugreport/"/>
    <property name="java.io.tmpdir" value="C:\WINDOWS\TEMP\"/>
    <property name="java.version" value="1.8.0_191"/>
    <property name="user.dir" value="D:\myLocalGitRepository\AmazonMobileApp"/>
    <property name="os.arch" value="amd64"/>
    <property name="java.vm.specification.name" value="Java Virtual Machine Specification"/>
    <property name="java.awt.printerjob" value="sun.awt.windows.WPrinterJob"/>
    <property name="sun.os.patch.level" value=""/>
    <property name="java.library.path" value="D:\Program Files\Java\jdk1.8.0_191\jre\bin;C:\WINDOWS\Sun\Java\bin;C:\WINDOWS\system32;C:\WINDOWS;C:/Users/PRAWIN/.p2/pool/plugins/org.eclipse.justj.openjdk.hotspot.jre.full.win32.x86_64_14.0.2.v20200815-0932/jre/bin/server;C:/Users/PRAWIN/.p2/pool/plugins/org.eclipse.justj.openjdk.hotspot.jre.full.win32.x86_64_14.0.2.v20200815-0932/jre/bin;C:\Program Files\Microsoft MPI\Bin\;C:\Program Files (x86)\Common Files\Oracle\Java\javapath;G:\app\PRAWIN\product\11.2.0\dbhome_1\bin;C:\WINDOWS\system32;C:\WINDOWS;C:\WINDOWS\System32\Wbem;C:\WINDOWS\System32\WindowsPowerShell\v1.0\;C:\WINDOWS\System32\OpenSSH\;D:\Program Files (x86)\Java\jdk1.8.0_251\bin;G:\app\PRAWIN\product\11.2.0\dbhome_1\BIN;D:\Program Files\Android\asdk\tools;D:\Program Files\Android\asdk\platform-tools;D:\Program Files\Android\asdk\build-tools;D:\Program Files\apache-maven-3.6.3\bin;D:\Program Files (x86)\Java\jdk1.8.0_251\jre\bin;D:\Program Files\allure-2.13.2\bin;D:\Program Files\Git\bin;D:\Program Files (x86)\Mozilla Firefox\firefox.exe;C:\ProgramData\Microsoft\Windows\Start Menu\Programs\Microsoft Office;D:\Program Files\Drivers\chromedriver.exe;D:\Program Files\Git\workspace;D:\Program Files\Drivers\geckodriver.exe;D:\Program Files\nodejs\;D:\Users\PRAWIN\.m2\repository;D:\Program Files (x86)\Microsoft SQL Server\150\Tools\Binn\;D:\Program Files\Microsoft SQL Server\150\Tools\Binn\;D:\Program Files (x86)\Microsoft SQL Server\150\DTS\Binn\;D:\Program Files\Microsoft SQL Server\150\DTS\Binn\;D:\Program Files\Microsoft SQL Server\Client SDK\ODBC\170\Tools\Binn\;C:\Program Files\Azure Data Studio\bin;D:\Program Files\Microsoft SQL Server\sqljdbc_6.0.8112.200_enu\sqljdbc_6.0\enu\auth\x64;D:\Program Files\Microsoft SQL Server\sqljdbc_6.0.8112.200_enu\sqljdbc_6.0\enu\auth\x86;D:\Program Files\nodejs\node_modules\npm;D:\Program Files\Python\Python39\Scripts\;D:\Program Files\Python\Python39\;C:\Users\PRAWIN\AppData\Local\Microsoft\WindowsApps;D:\Program Files\JetBrains\PyCharm 2020.2.3\bin;;D:\Program Files\JetBrains\PyCharm Community Edition 2020.2.3\bin;;D:\Program Files\Drivers;C:\Program Files\Azure Data Studio\bin;;C:\Users\PRAWIN\Desktop;;."/>
    <property name="java.vm.info" value="mixed mode"/>
    <property name="java.vendor" value="Oracle Corporation"/>
    <property name="java.vm.version" value="25.191-b12"/>
    <property name="java.ext.dirs" value="D:\Program Files\Java\jdk1.8.0_191\jre\lib\ext;C:\WINDOWS\Sun\Java\lib\ext"/>
    <property name="sun.io.unicode.encoding" value="UnicodeLittle"/>
    <property name="java.class.version" value="52.0"/>
  </properties>
  <testcase name="setUp" classname="com.qa.test.ItemsPageTest" time="1.645">
    <failure message="The main Appium script does not exist at &apos;C:\Users\PRAWIN\AppData\Roaming\npm\node_modules\appium\build\lib\main.js&apos;" type="io.appium.java_client.service.local.InvalidServerInstanceException">io.appium.java_client.service.local.InvalidServerInstanceException: The main Appium script does not exist at 'C:\Users\PRAWIN\AppData\Roaming\npm\node_modules\appium\build\lib\main.js'
	at com.qa.test.ItemsPageTest.setUp(ItemsPageTest.java:35)
</failure>
    <system-out><![CDATA[[TestNGContentHandler] [WARN] It is strongly recommended to add "<!DOCTYPE suite SYSTEM "http://testng.org/testng-1.0.dtd" >" at the top of your file, otherwise TestNG may fail or not work as expected.
]]></system-out>
    <system-err><![CDATA[SLF4J: Failed to load class "org.slf4j.impl.StaticLoggerBinder".
SLF4J: Defaulting to no-operation (NOP) logger implementation
SLF4J: See http://www.slf4j.org/codes.html#StaticLoggerBinder for further details.
]]></system-err>
  </testcase>
  <testcase name="setUp" classname="com.qa.test.ItemsPageTest" time="0">
    <skipped/>
  </testcase>
  <testcase name="setUp" classname="com.qa.test.ItemsPageTest" time="0">
    <skipped/>
  </testcase>
  <testcase name="setUp" classname="com.qa.test.ItemsPageTest" time="0">
    <skipped/>
  </testcase>
  <testcase name="itemPageCheck" classname="com.qa.test.ItemsPageTest" time="0">
    <skipped message="The main Appium script does not exist at &apos;C:\Users\PRAWIN\AppData\Roaming\npm\node_modules\appium\build\lib\main.js&apos;"/>
  </testcase>
  <testcase name="tearDown" classname="com.qa.test.ItemsPageTest" time="0">
    <skipped/>
  </testcase>
  <testcase name="tearDown" classname="com.qa.test.ItemsPageTest" time="0">
    <skipped/>
  </testcase>
  <testcase name="tearDown" classname="com.qa.test.ItemsPageTest" time="0">
    <skipped/>
  </testcase>
  <testcase name="tearDown" classname="com.qa.test.ItemsPageTest" time="0">
    <skipped/>
  </testcase>
  <testcase name="setUp" classname="com.qa.test.CategoryPageTest" time="2.185">
    <failure message="The main Appium script does not exist at &apos;C:\Users\PRAWIN\AppData\Roaming\npm\node_modules\appium\build\lib\main.js&apos;" type="io.appium.java_client.service.local.InvalidServerInstanceException">io.appium.java_client.service.local.InvalidServerInstanceException: The main Appium script does not exist at 'C:\Users\PRAWIN\AppData\Roaming\npm\node_modules\appium\build\lib\main.js'
	at com.qa.test.CategoryPageTest.setUp(CategoryPageTest.java:34)
</failure>
  </testcase>
  <testcase name="setUp" classname="com.qa.test.CategoryPageTest" time="0">
    <skipped/>
  </testcase>
  <testcase name="setUp" classname="com.qa.test.CategoryPageTest" time="0">
    <skipped/>
  </testcase>
  <testcase name="pageTitleTest" classname="com.qa.test.CategoryPageTest" time="0">
    <skipped message="The main Appium script does not exist at &apos;C:\Users\PRAWIN\AppData\Roaming\npm\node_modules\appium\build\lib\main.js&apos;"/>
  </testcase>
  <testcase name="tearDown" classname="com.qa.test.CategoryPageTest" time="0">
    <skipped/>
  </testcase>
  <testcase name="tearDown" classname="com.qa.test.CategoryPageTest" time="0">
    <skipped/>
  </testcase>
  <testcase name="tearDown" classname="com.qa.test.CategoryPageTest" time="0">
    <skipped/>
  </testcase>
  <testcase name="setUp" classname="com.qa.test.HomePageTest" time="2.792">
    <failure message="The main Appium script does not exist at &apos;C:\Users\PRAWIN\AppData\Roaming\npm\node_modules\appium\build\lib\main.js&apos;" type="io.appium.java_client.service.local.InvalidServerInstanceException">io.appium.java_client.service.local.InvalidServerInstanceException: The main Appium script does not exist at 'C:\Users\PRAWIN\AppData\Roaming\npm\node_modules\appium\build\lib\main.js'
	at com.qa.test.HomePageTest.setUp(HomePageTest.java:31)
</failure>
  </testcase>
  <testcase name="setUp" classname="com.qa.test.HomePageTest" time="0">
    <skipped/>
  </testcase>
  <testcase name="setUp" classname="com.qa.test.HomePageTest" time="0">
    <skipped/>
  </testcase>
  <testcase name="setUp" classname="com.qa.test.HomePageTest" time="0">
    <skipped/>
  </testcase>
  <testcase name="crmLogoImageTest" classname="com.qa.test.HomePageTest" time="0">
    <skipped message="The main Appium script does not exist at &apos;C:\Users\PRAWIN\AppData\Roaming\npm\node_modules\appium\build\lib\main.js&apos;"/>
  </testcase>
  <testcase name="tearDown" classname="com.qa.test.HomePageTest" time="0">
    <skipped/>
  </testcase>
  <testcase name="tearDown" classname="com.qa.test.HomePageTest" time="0">
    <skipped/>
  </testcase>
  <testcase name="tearDown" classname="com.qa.test.HomePageTest" time="0">
    <skipped/>
  </testcase>
  <testcase name="tearDown" classname="com.qa.test.HomePageTest" time="0">
    <skipped/>
  </testcase>
  <testcase name="searcValueTest" classname="com.qa.test.ItemsPageTest" time="0">
    <skipped message="The main Appium script does not exist at &apos;C:\Users\PRAWIN\AppData\Roaming\npm\node_modules\appium\build\lib\main.js&apos;"/>
  </testcase>
  <testcase name="categoryPageTest" classname="com.qa.test.CategoryPageTest" time="0">
    <skipped message="The main Appium script does not exist at &apos;C:\Users\PRAWIN\AppData\Roaming\npm\node_modules\appium\build\lib\main.js&apos;"/>
  </testcase>
  <testcase name="cartValueTest" classname="com.qa.test.HomePageTest" time="0">
    <skipped message="The main Appium script does not exist at &apos;C:\Users\PRAWIN\AppData\Roaming\npm\node_modules\appium\build\lib\main.js&apos;"/>
  </testcase>
  <testcase name="itemPageTest" classname="com.qa.test.ItemsPageTest" time="0">
    <skipped message="The main Appium script does not exist at &apos;C:\Users\PRAWIN\AppData\Roaming\npm\node_modules\appium\build\lib\main.js&apos;"/>
  </testcase>
  <testcase name="homePageTest" classname="com.qa.test.HomePageTest" time="0">
    <skipped message="The main Appium script does not exist at &apos;C:\Users\PRAWIN\AppData\Roaming\npm\node_modules\appium\build\lib\main.js&apos;"/>
  </testcase>
</testsuite>