<?xml version="1.0" encoding="UTF-8"?>
<!-- Generated by org.testng.reporters.JUnitReportReporter -->
<testsuite skipped="0" hostname="DESKTOP-PCEHKV8" name="com.qa.test.LoginPageTest" tests="1" failures="0" timestamp="17 Nov 2020 16:02:59 GMT" time="0.007" errors="0">
  <testcase name="loginPageTest" time="0.007" classname="com.qa.test.LoginPageTest"/>
</testsuite> <!-- com.qa.test.LoginPageTest -->
