<?xml version="1.0" encoding="UTF-8"?>
<!-- Generated by org.testng.reporters.JUnitReportReporter -->
<testsuite skipped="0" hostname="DESKTOP-PCEHKV8" name="com.qa.test.CategoryPageTest" tests="3" failures="0" timestamp="20 Nov 2020 02:04:23 GMT" time="64.689" errors="0">
  <testcase name="pageTitleTest" time="0.743" classname="com.qa.test.CategoryPageTest"/>
  <testcase name="categoryPageTest" time="63.387" classname="com.qa.test.CategoryPageTest"/>
  <testcase name="itemTitleCheck" time="0.559" classname="com.qa.test.CategoryPageTest"/>
</testsuite> <!-- com.qa.test.CategoryPageTest -->
