<?xml version="1.0" encoding="UTF-8"?>
<!-- Generated by org.testng.reporters.JUnitReportReporter -->
<testsuite hostname="DESKTOP-PCEHKV8" failures="0" tests="4" name="com.qa.test.HomePageTest" time="31.196" errors="1" timestamp="2020-11-22T18:37:29 IST" skipped="3">
  <testcase classname="com.qa.test.HomePageTest" name="setUp" time="31.196">
    <error message="Unable to create a new remote session. Please check the server log for more details. Original error: An unknown server-side error occurred while processing the command. Original error: Cannot start the &#039;com.m.qr&#039; application. Visit https://github.com/appium/appium/blob/master/docs/en/writing-running-appium/android/activity-startup.md for troubleshooting. Original error: Error executing adbExec. Original error: &#039;Command &#039;&#039;D:\\Program Files\\Android\\asdk\\platform-tools\\adb.exe&#039; -P 5037 -s c1cbd64c shell am start -W -n com.m.qr/com.m.qr.activities.home.QRHomePageNew -S -a android.intent.action.MAIN -c android.intent.category.LAUNCHER -f 0x10200000&#039; exited with code 4294967295&#039;; Stderr: &#039;Security exception: Permission Denial: starting Intent { act=android.intent.action.MAIN cat=[android.intent.category.LAUNCHER] flg=0x10200000 cmp=com.m.qr/.activities.home.QRHomePageNew } from null (pid=22130, uid=2000) not exported from uid 10266

java.lang.SecurityException: Permission Denial: starting Intent { act=android.intent.action.MAIN cat=[android.intent.category.LAUNCHER] flg=0x10200000 cmp=com.m.qr/.activities.home.QRHomePageNew } from null (pid=22130, uid=2000) not exported from uid 10266
	at com.android.server.am.ActivityStackSupervisor.checkStartAnyActivityPermission(ActivityStackSupervisor.java:1630)
	at com.android.server.am.ActivityStarter.startActivity(ActivityStarter.java:436)
	at com.android.server.am.ActivityStarter.startActivityLocked(ActivityStarter.java:277)
	at com.android.server.am.ActivityStarter.startActivityMayWait(ActivityStarter.java:829)
	at com.android.server.am.ActivityManagerService.startActivityAndWait(ActivityManagerService.java:4710)
	at com.android.server.am.ActivityManagerShellCommand.runStartActivity(ActivityManagerShellCommand.java:405)
	at com.android.server.am.ActivityManagerShellCommand.onCommand(ActivityManagerShellCommand.java:141)
	at android.os.ShellCommand.exec(ShellCommand.java:96)
	at com.android.server.am.ActivityManagerService.onShellCommand(ActivityManagerService.java:15059)
	at android.os.Binder.shellCommand(Binder.java:573)
	at android.os.Binder.onTransact(Binder.java:473)
	at android.app.IActivityManager$Stub.onTransact(IActivityManager.java:4256)
	at com.android.server.am.ActivityManagerService.onTransact(ActivityManagerService.java:2983)
	at android.os.Binder.execTransact(Binder.java:674)&#039;; Code: &#039;4294967295&#039; (WARNING: The server did not provide any stacktrace information)
Command duration or timeout: 19.88 seconds
Build info: version: &#039;3.141.59&#039;, revision: &#039;e82be7d358&#039;, time: &#039;2018-11-14T08:17:03&#039;
System info: host: &#039;DESKTOP-PCEHKV8&#039;, ip: &#039;192.168.42.230&#039;, os.name: &#039;Windows 10&#039;, os.arch: &#039;amd64&#039;, os.version: &#039;10.0&#039;, java.version: &#039;14.0.2&#039;
Driver info: driver.version: AndroidDriver
Build info: version: &#039;3.141.59&#039;, revision: &#039;e82be7d358&#039;, time: &#039;2018-11-14T08:17:03&#039;
System info: host: &#039;DESKTOP-PCEHKV8&#039;, ip: &#039;192.168.42.230&#039;, os.name: &#039;Windows 10&#039;, os.arch: &#039;amd64&#039;, os.version: &#039;10.0&#039;, java.version: &#039;14.0.2&#039;
Driver info: driver.version: AndroidDriver" type="org.openqa.selenium.SessionNotCreatedException">
      <![CDATA[org.openqa.selenium.SessionNotCreatedException: Unable to create a new remote session. Please check the server log for more details. Original error: An unknown server-side error occurred while processing the command. Original error: Cannot start the 'com.m.qr' application. Visit https://github.com/appium/appium/blob/master/docs/en/writing-running-appium/android/activity-startup.md for troubleshooting. Original error: Error executing adbExec. Original error: 'Command ''D:\\Program Files\\Android\\asdk\\platform-tools\\adb.exe' -P 5037 -s c1cbd64c shell am start -W -n com.m.qr/com.m.qr.activities.home.QRHomePageNew -S -a android.intent.action.MAIN -c android.intent.category.LAUNCHER -f 0x10200000' exited with code 4294967295'; Stderr: 'Security exception: Permission Denial: starting Intent { act=android.intent.action.MAIN cat=[android.intent.category.LAUNCHER] flg=0x10200000 cmp=com.m.qr/.activities.home.QRHomePageNew } from null (pid=22130, uid=2000) not exported from uid 10266

java.lang.SecurityException: Permission Denial: starting Intent { act=android.intent.action.MAIN cat=[android.intent.category.LAUNCHER] flg=0x10200000 cmp=com.m.qr/.activities.home.QRHomePageNew } from null (pid=22130, uid=2000) not exported from uid 10266
at com.android.server.am.ActivityStackSupervisor.checkStartAnyActivityPermission(ActivityStackSupervisor.java:1630)
at com.android.server.am.ActivityStarter.startActivity(ActivityStarter.java:436)
at com.android.server.am.ActivityStarter.startActivityLocked(ActivityStarter.java:277)
at com.android.server.am.ActivityStarter.startActivityMayWait(ActivityStarter.java:829)
at com.android.server.am.ActivityManagerService.startActivityAndWait(ActivityManagerService.java:4710)
at com.android.server.am.ActivityManagerShellCommand.runStartActivity(ActivityManagerShellCommand.java:405)
at com.android.server.am.ActivityManagerShellCommand.onCommand(ActivityManagerShellCommand.java:141)
at android.os.ShellCommand.exec(ShellCommand.java:96)
at com.android.server.am.ActivityManagerService.onShellCommand(ActivityManagerService.java:15059)
at android.os.Binder.shellCommand(Binder.java:573)
at android.os.Binder.onTransact(Binder.java:473)
at android.app.IActivityManager$Stub.onTransact(IActivityManager.java:4256)
at com.android.server.am.ActivityManagerService.onTransact(ActivityManagerService.java:2983)
at android.os.Binder.execTransact(Binder.java:674)'; Code: '4294967295' (WARNING: The server did not provide any stacktrace information)
Command duration or timeout: 19.88 seconds
Build info: version: '3.141.59', revision: 'e82be7d358', time: '2018-11-14T08:17:03'
System info: host: 'DESKTOP-PCEHKV8', ip: '192.168.42.230', os.name: 'Windows 10', os.arch: 'amd64', os.version: '10.0', java.version: '14.0.2'
Driver info: driver.version: AndroidDriver
Build info: version: '3.141.59', revision: 'e82be7d358', time: '2018-11-14T08:17:03'
System info: host: 'DESKTOP-PCEHKV8', ip: '192.168.42.230', os.name: 'Windows 10', os.arch: 'amd64', os.version: '10.0', java.version: '14.0.2'
Driver info: driver.version: AndroidDriver
at io.appium.java_client.remote.AppiumCommandExecutor$1.createSession(AppiumCommandExecutor.java:208)
at io.appium.java_client.remote.AppiumCommandExecutor.createSession(AppiumCommandExecutor.java:217)
at io.appium.java_client.remote.AppiumCommandExecutor.execute(AppiumCommandExecutor.java:239)
at org.openqa.selenium.remote.RemoteWebDriver.execute(RemoteWebDriver.java:552)
at io.appium.java_client.DefaultGenericMobileDriver.execute(DefaultGenericMobileDriver.java:41)
at io.appium.java_client.AppiumDriver.execute(AppiumDriver.java:1)
at io.appium.java_client.android.AndroidDriver.execute(AndroidDriver.java:1)
at org.openqa.selenium.remote.RemoteWebDriver.startSession(RemoteWebDriver.java:213)
at io.appium.java_client.AppiumDriver.startSession(AppiumDriver.java:336)
at org.openqa.selenium.remote.RemoteWebDriver.<init>(RemoteWebDriver.java:131)
at io.appium.java_client.DefaultGenericMobileDriver.<init>(DefaultGenericMobileDriver.java:37)
at io.appium.java_client.AppiumDriver.<init>(AppiumDriver.java:88)
at io.appium.java_client.AppiumDriver.<init>(AppiumDriver.java:98)
at io.appium.java_client.android.AndroidDriver.<init>(AndroidDriver.java:94)
at com.qa.base.TestBase.initialization(TestBase.java:57)
at com.qa.test.HomePageTest.setUp(HomePageTest.java:26)
at java.base/jdk.internal.reflect.NativeMethodAccessorImpl.invoke0(Native Method)
at java.base/jdk.internal.reflect.NativeMethodAccessorImpl.invoke(NativeMethodAccessorImpl.java:62)
at java.base/jdk.internal.reflect.DelegatingMethodAccessorImpl.invoke(DelegatingMethodAccessorImpl.java:43)
at java.base/java.lang.reflect.Method.invoke(Method.java:564)
at org.testng.internal.MethodInvocationHelper.invokeMethod(MethodInvocationHelper.java:132)
at org.testng.internal.MethodInvocationHelper.invokeMethodConsideringTimeout(MethodInvocationHelper.java:61)
at org.testng.internal.ConfigInvoker.invokeConfigurationMethod(ConfigInvoker.java:366)
at org.testng.internal.ConfigInvoker.invokeConfigurations(ConfigInvoker.java:320)
at org.testng.internal.TestMethodWorker.invokeBeforeClassMethods(TestMethodWorker.java:176)
at org.testng.internal.TestMethodWorker.run(TestMethodWorker.java:122)
at java.base/java.util.ArrayList.forEach(ArrayList.java:1511)
at org.testng.TestRunner.privateRun(TestRunner.java:764)
at org.testng.TestRunner.run(TestRunner.java:585)
at org.testng.SuiteRunner.runTest(SuiteRunner.java:384)
at org.testng.SuiteRunner.runSequentially(SuiteRunner.java:378)
at org.testng.SuiteRunner.privateRun(SuiteRunner.java:337)
at org.testng.SuiteRunner.run(SuiteRunner.java:286)
at org.testng.SuiteRunnerWorker.runSuite(SuiteRunnerWorker.java:53)
at org.testng.SuiteRunnerWorker.run(SuiteRunnerWorker.java:96)
at org.testng.TestNG.runSuitesSequentially(TestNG.java:1218)
at org.testng.TestNG.runSuitesLocally(TestNG.java:1140)
at org.testng.TestNG.runSuites(TestNG.java:1069)
at org.testng.TestNG.run(TestNG.java:1037)
at org.testng.remote.AbstractRemoteTestNG.run(AbstractRemoteTestNG.java:115)
at org.testng.remote.RemoteTestNG.initAndRun(RemoteTestNG.java:251)
at org.testng.remote.RemoteTestNG.main(RemoteTestNG.java:77)
Caused by: java.lang.reflect.InvocationTargetException
at java.base/jdk.internal.reflect.NativeMethodAccessorImpl.invoke0(Native Method)
at java.base/jdk.internal.reflect.NativeMethodAccessorImpl.invoke(NativeMethodAccessorImpl.java:62)
at java.base/jdk.internal.reflect.DelegatingMethodAccessorImpl.invoke(DelegatingMethodAccessorImpl.java:43)
at java.base/java.lang.reflect.Method.invoke(Method.java:564)
at io.appium.java_client.remote.AppiumCommandExecutor$1.createSession(AppiumCommandExecutor.java:186)
... 41 more
Caused by: org.openqa.selenium.WebDriverException: An unknown server-side error occurred while processing the command. Original error: Cannot start the 'com.m.qr' application. Visit https://github.com/appium/appium/blob/master/docs/en/writing-running-appium/android/activity-startup.md for troubleshooting. Original error: Error executing adbExec. Original error: 'Command ''D:\\Program Files\\Android\\asdk\\platform-tools\\adb.exe' -P 5037 -s c1cbd64c shell am start -W -n com.m.qr/com.m.qr.activities.home.QRHomePageNew -S -a android.intent.action.MAIN -c android.intent.category.LAUNCHER -f 0x10200000' exited with code 4294967295'; Stderr: 'Security exception: Permission Denial: starting Intent { act=android.intent.action.MAIN cat=[android.intent.category.LAUNCHER] flg=0x10200000 cmp=com.m.qr/.activities.home.QRHomePageNew } from null (pid=22130, uid=2000) not exported from uid 10266

java.lang.SecurityException: Permission Denial: starting Intent { act=android.intent.action.MAIN cat=[android.intent.category.LAUNCHER] flg=0x10200000 cmp=com.m.qr/.activities.home.QRHomePageNew } from null (pid=22130, uid=2000) not exported from uid 10266
at com.android.server.am.ActivityStackSupervisor.checkStartAnyActivityPermission(ActivityStackSupervisor.java:1630)
at com.android.server.am.ActivityStarter.startActivity(ActivityStarter.java:436)
at com.android.server.am.ActivityStarter.startActivityLocked(ActivityStarter.java:277)
at com.android.server.am.ActivityStarter.startActivityMayWait(ActivityStarter.java:829)
at com.android.server.am.ActivityManagerService.startActivityAndWait(ActivityManagerService.java:4710)
at com.android.server.am.ActivityManagerShellCommand.runStartActivity(ActivityManagerShellCommand.java:405)
at com.android.server.am.ActivityManagerShellCommand.onCommand(ActivityManagerShellCommand.java:141)
at android.os.ShellCommand.exec(ShellCommand.java:96)
at com.android.server.am.ActivityManagerService.onShellCommand(ActivityManagerService.java:15059)
at android.os.Binder.shellCommand(Binder.java:573)
at android.os.Binder.onTransact(Binder.java:473)
at android.app.IActivityManager$Stub.onTransact(IActivityManager.java:4256)
at com.android.server.am.ActivityManagerService.onTransact(ActivityManagerService.java:2983)
at android.os.Binder.execTransact(Binder.java:674)'; Code: '4294967295' (WARNING: The server did not provide any stacktrace information)
Command duration or timeout: 19.88 seconds
Build info: version: '3.141.59', revision: 'e82be7d358', time: '2018-11-14T08:17:03'
System info: host: 'DESKTOP-PCEHKV8', ip: '192.168.42.230', os.name: 'Windows 10', os.arch: 'amd64', os.version: '10.0', java.version: '14.0.2'
Driver info: driver.version: AndroidDriver
at java.base/jdk.internal.reflect.NativeConstructorAccessorImpl.newInstance0(Native Method)
at java.base/jdk.internal.reflect.NativeConstructorAccessorImpl.newInstance(NativeConstructorAccessorImpl.java:62)
at java.base/jdk.internal.reflect.DelegatingConstructorAccessorImpl.newInstance(DelegatingConstructorAccessorImpl.java:45)
at java.base/java.lang.reflect.Constructor.newInstanceWithCaller(Constructor.java:500)
at java.base/java.lang.reflect.Constructor.newInstance(Constructor.java:481)
at org.openqa.selenium.remote.ErrorHandler.createThrowable(ErrorHandler.java:214)
at org.openqa.selenium.remote.ErrorHandler.throwIfResponseFailed(ErrorHandler.java:166)
at org.openqa.selenium.remote.JsonWireProtocolResponse.lambda$errorHandler$0(JsonWireProtocolResponse.java:54)
at org.openqa.selenium.remote.HandshakeResponse.lambda$getResponseFunction$0(HandshakeResponse.java:30)
at org.openqa.selenium.remote.ProtocolHandshake.lambda$createSession$0(ProtocolHandshake.java:126)
at java.base/java.util.stream.ReferencePipeline$3$1.accept(ReferencePipeline.java:195)
at java.base/java.util.Spliterators$ArraySpliterator.tryAdvance(Spliterators.java:958)
at java.base/java.util.stream.ReferencePipeline.forEachWithCancel(ReferencePipeline.java:127)
at java.base/java.util.stream.AbstractPipeline.copyIntoWithCancel(AbstractPipeline.java:502)
at java.base/java.util.stream.AbstractPipeline.copyInto(AbstractPipeline.java:488)
at java.base/java.util.stream.AbstractPipeline.wrapAndCopyInto(AbstractPipeline.java:474)
at java.base/java.util.stream.FindOps$FindOp.evaluateSequential(FindOps.java:150)
at java.base/java.util.stream.AbstractPipeline.evaluate(AbstractPipeline.java:234)
at java.base/java.util.stream.ReferencePipeline.findFirst(ReferencePipeline.java:543)
at org.openqa.selenium.remote.ProtocolHandshake.createSession(ProtocolHandshake.java:128)
... 46 more
]]>
    </error>
  </testcase> <!-- setUp -->
  <system-out/>
  <testcase classname="com.qa.test.HomePageTest" name="crmLogoImageTest" time="0.000">
    <skipped/>
  </testcase> <!-- crmLogoImageTest -->
  <system-out/>
  <testcase classname="com.qa.test.HomePageTest" name="cartValueTest" time="0.000">
    <skipped/>
  </testcase> <!-- cartValueTest -->
  <system-out/>
  <testcase classname="com.qa.test.HomePageTest" name="homePageTest" time="0.000">
    <skipped/>
  </testcase> <!-- homePageTest -->
  <system-out/>
</testsuite> <!-- com.qa.test.HomePageTest -->
